%!Adobe-FontList 1.22
%Locale:0x409

%BeginFont
Handler:DirectoryHandler
FontType:Invalid
OutlineFileName:/Volumes/GoogleDrive/My Drive/Locations/Park House/Marketing/Brochure/PH_BROCHURE_0/Document fonts/AdobeFnt22.lst
FileLength:3872
FileModTime:642881698
%EndFont

%BeginFont
Handler:DirectoryHandler
FontType:Invalid
OutlineFileName:/Volumes/GoogleDrive/My Drive/Locations/Park House/Marketing/Brochure/PH_BROCHURE_0/Document fonts/Icon
FileModTime:-978307200
%EndFont

%BeginFont
Handler:DirectoryHandler
FontType:Type1
FontName:Poppins-Bold
FamilyName:Poppins
StyleName:Bold
MenuName:Poppins
StyleBits:2
WeightClass:700
WidthClass:5
AngleClass:0
FullName:Poppins Bold
WritingScript:Roman
OutlineFileName:/Volumes/GoogleDrive/My Drive/Locations/Park House/Marketing/Brochure/PH_BROCHURE_0/Document fonts/Poppins-Bold.otf
DataFormat:sfntData
UsesStandardEncoding:yes
isCFF:yes
hasSVG:no
VariableFontType:NonVariableFont
FileLength:95496
FileModTime:617039378
NameArray:0,Win,1,Poppins
%EndFont

%BeginFont
Handler:DirectoryHandler
FontType:Type1
FontName:Poppins-ExtraLight
FamilyName:Poppins
StyleName:ExtraLight
MenuName:Poppins ExtraLight
StyleBits:0
WeightClass:275
WidthClass:5
AngleClass:0
FullName:Poppins ExtraLight
WritingScript:Roman
OutlineFileName:/Volumes/GoogleDrive/My Drive/Locations/Park House/Marketing/Brochure/PH_BROCHURE_0/Document fonts/Poppins-ExtraLight.otf
DataFormat:sfntData
UsesStandardEncoding:yes
isCFF:yes
hasSVG:no
VariableFontType:NonVariableFont
FileLength:95476
FileModTime:617039378
NameArray:0,Win,1,Poppins ExtraLight
NameArray:0,Win,16,Poppins
%EndFont

%BeginFont
Handler:DirectoryHandler
FontType:Type1
FontName:Poppins-Light
FamilyName:Poppins
StyleName:Light
MenuName:Poppins Light
StyleBits:0
WeightClass:300
WidthClass:5
AngleClass:0
FullName:Poppins Light
WritingScript:Roman
OutlineFileName:/Volumes/GoogleDrive/My Drive/Locations/Park House/Marketing/Brochure/PH_BROCHURE_0/Document fonts/Poppins-Light.otf
DataFormat:sfntData
UsesStandardEncoding:yes
isCFF:yes
hasSVG:no
VariableFontType:NonVariableFont
FileLength:95240
FileModTime:617039378
NameArray:0,Win,1,Poppins Light
NameArray:0,Win,16,Poppins
%EndFont

%BeginFont
Handler:DirectoryHandler
FontType:Type1
FontName:Poppins-Medium
FamilyName:Poppins
StyleName:Medium
MenuName:Poppins Medium
StyleBits:0
WeightClass:500
WidthClass:5
AngleClass:0
FullName:Poppins Medium
WritingScript:Roman
OutlineFileName:/Volumes/GoogleDrive/My Drive/Locations/Park House/Marketing/Brochure/PH_BROCHURE_0/Document fonts/Poppins-Medium.otf
DataFormat:sfntData
UsesStandardEncoding:yes
isCFF:yes
hasSVG:no
VariableFontType:NonVariableFont
FileLength:94316
FileModTime:617039378
NameArray:0,Win,1,Poppins Medium
NameArray:0,Win,16,Poppins
%EndFont

%BeginFont
Handler:DirectoryHandler
FontType:Type1
FontName:Poppins-Regular
FamilyName:Poppins
StyleName:Regular
MenuName:Poppins
StyleBits:0
WeightClass:400
WidthClass:5
AngleClass:0
FullName:Poppins
WritingScript:Roman
OutlineFileName:/Volumes/GoogleDrive/My Drive/Locations/Park House/Marketing/Brochure/PH_BROCHURE_0/Document fonts/Poppins-Regular.otf
DataFormat:sfntData
UsesStandardEncoding:yes
isCFF:yes
hasSVG:no
VariableFontType:NonVariableFont
FileLength:95176
FileModTime:617039378
NameArray:0,Win,1,Poppins
%EndFont

%BeginFont
Handler:DirectoryHandler
FontType:Type1
FontName:Poppins-SemiBold
FamilyName:Poppins
StyleName:SemiBold
MenuName:Poppins SemiBold
StyleBits:0
WeightClass:600
WidthClass:5
AngleClass:0
FullName:Poppins SemiBold
WritingScript:Roman
OutlineFileName:/Volumes/GoogleDrive/My Drive/Locations/Park House/Marketing/Brochure/PH_BROCHURE_0/Document fonts/Poppins-SemiBold.otf
DataFormat:sfntData
UsesStandardEncoding:yes
isCFF:yes
hasSVG:no
VariableFontType:NonVariableFont
FileLength:95944
FileModTime:617039378
NameArray:0,Win,1,Poppins SemiBold
NameArray:0,Win,16,Poppins
%EndFont

